nohup: ignoring input
[module1-simplified] study=pmid:36908729
[module1-simplified] study=pmid:36919025
[module1-simplified] study=pmid:36926435
[module1-simplified] study=pmid:36937339
[module1-simplified] study=pmid:36949881
[module1-simplified] study=pmid:36959973
[module1-simplified] study=pmid:36960019
[module1-simplified] study=pmid:36960015
[module1-simplified] study=pmid:36967816
[module1-simplified] study=pmid:36598342
[module1-simplified] study=pmid:36648745
[module1-simplified] study=pmid:36652140
[module1-simplified] study=pmid:36969376
[module1-simplified] study=pmid:36998613
[module1-simplified] study=pmid:36998539
[module1-simplified] study=pmid:37006323
[module1-simplified] exported data/data_for_test/data_demo_1000/derived/pmid_37006323.json
[module1-simplified] study=pmid:36695228
[module1-simplified] exported data/data_for_test/data_demo_1000/derived/pmid_36926435.json
[module1-simplified] study=pmid:37009602
[module1-simplified] exported data/data_for_test/data_demo_1000/derived/pmid_36908729.json
[module1-simplified] study=pmid:37021095
[module1-simplified] local fallback pmid:36967816: intervention_spans empty
[module1-simplified] exported data/data_for_test/data_demo_1000/derived/pmid_36967816.json
[module1-simplified] study=pmid:37020767
[module1-simplified] local fallback pmid:36998539: span mismatch: ultrasound-guided transversus thoracis plane block combined with an intermediate cervical plexus block
[module1-simplified] exported data/data_for_test/data_demo_1000/derived/pmid_36998539.json
[module1-simplified] study=pmid:37025954
[module1-simplified] exported data/data_for_test/data_demo_1000/derived/pmid_36960015.json
[module1-simplified] study=pmid:36602417
[module1-simplified] exported data/data_for_test/data_demo_1000/derived/pmid_37009602.json
[module1-simplified] study=pmid:37035337
[module1-simplified] exported data/data_for_test/data_demo_1000/derived/pmid_36598342.json
[module1-simplified] study=pmid:37877838
[module1-simplified] exported data/data_for_test/data_demo_1000/derived/pmid_36937339.json
[module1-simplified] study=pmid:37056682
[module1-simplified] exported data/data_for_test/data_demo_1000/derived/pmid_36652140.json
[module1-simplified] study=pmid:36748451
[module1-simplified] exported data/data_for_test/data_demo_1000/derived/pmid_36998613.json
[module1-simplified] study=pmid:36748447
[module1-simplified] local fallback pmid:36969376: span mismatch: a new modification of the two-step injection technique for inferior alveolar nerve block; span mismatch: conventional technique
[module1-simplified] exported data/data_for_test/data_demo_1000/derived/pmid_36969376.json
[module1-simplified] study=pmid:37090182
[module1-simplified] local fallback pmid:37877838: span mismatch: adults (18-60 years), of either sex, with American Society of Anesthesiologists (ASA) physical status I and II, scheduled to undergo elective gastrointestinal carcinoma surgeries under general anesthesia
[module1-simplified] exported data/data_for_test/data_demo_1000/derived/pmid_37877838.json
[module1-simplified] study=pmid:36266501
[module1-simplified] local fallback pmid:36602417: population_spans empty; intervention_spans empty
[module1-simplified] exported data/data_for_test/data_demo_1000/derived/pmid_36602417.json
[module1-simplified] study=pmid:37155532
[module1-simplified] exported data/data_for_test/data_demo_1000/derived/pmid_36266501.json
[module1-simplified] study=pmid:36680620
[module1-simplified] local fallback pmid:36648745: span mismatch: Patients undergoing total minimally invasive Mckeown esophagectomy
[module1-simplified] exported data/data_for_test/data_demo_1000/derived/pmid_36648745.json
[module1-simplified] study=pmid:37144143
[module1-simplified] exported data/data_for_test/data_demo_1000/derived/pmid_36695228.json
[module1-simplified] study=pmid:36647565
[module1-simplified] local fallback pmid:37020767: span mismatch: Nitrous Oxide + Oxygen Inhalation Sedation
[module1-simplified] exported data/data_for_test/data_demo_1000/derived/pmid_37020767.json
[module1-simplified] study=pmid:37306272
[module1-simplified] local fallback pmid:36647565: population_spans empty; intervention_spans empty
[module1-simplified] exported data/data_for_test/data_demo_1000/derived/pmid_36647565.json
[module1-simplified] study=pmid:37151721
[module1-simplified] exported data/data_for_test/data_demo_1000/derived/pmid_37155532.json
[module1-simplified] study=pmid:36719506
[module1-simplified] exported data/data_for_test/data_demo_1000/derived/pmid_36949881.json
[module1-simplified] study=pmid:37159615
[module1-simplified] exported data/data_for_test/data_demo_1000/derived/pmid_36959973.json
[module1-simplified] study=pmid:37168489
[module1-simplified] exported data/data_for_test/data_demo_1000/derived/pmid_37159615.json
[module1-simplified] study=pmid:37180306
[module1-simplified] exported data/data_for_test/data_demo_1000/derived/pmid_36680620.json
[module1-simplified] study=pmid:37180305
[module1-simplified] local fallback pmid:37090182: population_spans empty; intervention_spans empty
[module1-simplified] exported data/data_for_test/data_demo_1000/derived/pmid_37090182.json
[module1-simplified] study=pmid:37180300
[module1-simplified] exported data/data_for_test/data_demo_1000/derived/pmid_36748447.json
[module1-simplified] study=pmid:37200748
[module1-simplified] local fallback pmid:37180305: population_spans empty; intervention_spans empty
[module1-simplified] exported data/data_for_test/data_demo_1000/derived/pmid_37180305.json
[module1-simplified] study=pmid:37214452
[module1-simplified] exported data/data_for_test/data_demo_1000/derived/pmid_36960019.json
[module1-simplified] study=pmid:37038788
[module1-simplified] local fallback pmid:36748451: population_spans empty; intervention_spans empty
[module1-simplified] exported data/data_for_test/data_demo_1000/derived/pmid_36748451.json
[module1-simplified] study=pmid:37224109
[module1-simplified] exported data/data_for_test/data_demo_1000/derived/pmid_37035337.json
[module1-simplified] study=pmid:37020413
[module1-simplified] local fallback pmid:37200748: span mismatch: Patients undergoing vitrectomy surgery
[module1-simplified] exported data/data_for_test/data_demo_1000/derived/pmid_37200748.json
[module1-simplified] study=pmid:37250262
[module1-simplified] exported data/data_for_test/data_demo_1000/derived/pmid_37306272.json
[module1-simplified] study=pmid:37250248
[module1-simplified] exported data/data_for_test/data_demo_1000/derived/pmid_37214452.json
[module1-simplified] study=pmid:37250239
[module1-simplified] exported data/data_for_test/data_demo_1000/derived/pmid_37180306.json
[module1-simplified] study=pmid:37250238
[module1-simplified] exported data/data_for_test/data_demo_1000/derived/pmid_37151721.json
[module1-simplified] study=pmid:37250246
[module1-simplified] exported data/data_for_test/data_demo_1000/derived/pmid_36719506.json
[module1-simplified] study=pmid:37249928
[module1-simplified] exported data/data_for_test/data_demo_1000/derived/pmid_37056682.json
[module1-simplified] study=pmid:37273884
[module1-simplified] local fallback pmid:37273884: population_spans empty; intervention_spans empty
[module1-simplified] exported data/data_for_test/data_demo_1000/derived/pmid_37273884.json
[module1-simplified] study=pmid:37273439
[module1-simplified] exported data/data_for_test/data_demo_1000/derived/pmid_37038788.json
[module1-simplified] study=pmid:37284327
[module1-simplified] exported data/data_for_test/data_demo_1000/derived/pmid_36919025.json
[module1-simplified] study=pmid:37287843
[module1-simplified] exported data/data_for_test/data_demo_1000/derived/pmid_37168489.json
[module1-simplified] study=pmid:37386582
[module1-simplified] exported data/data_for_test/data_demo_1000/derived/pmid_37021095.json
[module1-simplified] study=pmid:38013860
[module1-simplified] local fallback pmid:37250262: population_spans empty; intervention_spans empty
[module1-simplified] exported data/data_for_test/data_demo_1000/derived/pmid_37250262.json
[module1-simplified] study=pmid:37305403
[module1-simplified] exported data/data_for_test/data_demo_1000/derived/pmid_37250238.json
[module1-simplified] study=pmid:37313456
[module1-simplified] exported data/data_for_test/data_demo_1000/derived/pmid_37284327.json
[module1-simplified] study=pmid:36717425
[module1-simplified] local fallback pmid:37020413: population_spans empty; intervention_spans empty
[module1-simplified] exported data/data_for_test/data_demo_1000/derived/pmid_37020413.json
[module1-simplified] study=pmid:37324000
[module1-simplified] exported data/data_for_test/data_demo_1000/derived/pmid_37180300.json
[module1-simplified] study=pmid:37333962
[module1-simplified] local fallback pmid:36717425: intervention_spans empty
[module1-simplified] exported data/data_for_test/data_demo_1000/derived/pmid_36717425.json
[module1-simplified] study=pmid:37346471
[module1-simplified] exported data/data_for_test/data_demo_1000/derived/pmid_37313456.json
[module1-simplified] study=pmid:37351537
[module1-simplified] local fallback pmid:37250248: population_spans empty
[module1-simplified] exported data/data_for_test/data_demo_1000/derived/pmid_37250248.json
[module1-simplified] study=pmid:37360747
[module1-simplified] local fallback pmid:37250246: intervention_spans empty
[module1-simplified] exported data/data_for_test/data_demo_1000/derived/pmid_37250246.json
[module1-simplified] study=pmid:36453667
[module1-simplified] exported data/data_for_test/data_demo_1000/derived/pmid_37249928.json
[module1-simplified] study=pmid:37404294
[module1-simplified] local fallback pmid:37324000: population_spans empty
[module1-simplified] exported data/data_for_test/data_demo_1000/derived/pmid_37324000.json
[module1-simplified] study=pmid:37404935
[module1-simplified] local fallback pmid:37360747: population_spans empty
[module1-simplified] exported data/data_for_test/data_demo_1000/derived/pmid_37360747.json
[module1-simplified] study=pmid:37404226
[module1-simplified] exported data/data_for_test/data_demo_1000/derived/pmid_36453667.json
[module1-simplified] study=pmid:37408867
[module1-simplified] local fallback pmid:37287843: population_spans empty; intervention_spans empty
[module1-simplified] exported data/data_for_test/data_demo_1000/derived/pmid_37287843.json
[module1-simplified] study=pmid:37431528
[module1-simplified] local fallback pmid:37386582: intervention_spans empty
[module1-simplified] exported data/data_for_test/data_demo_1000/derived/pmid_37386582.json
[module1-simplified] study=pmid:36776083
[module1-simplified] exported data/data_for_test/data_demo_1000/derived/pmid_37408867.json
[module1-simplified] study=pmid:37484190
[module1-simplified] exported data/data_for_test/data_demo_1000/derived/pmid_37404226.json
[module1-simplified] study=pmid:37489171
[module1-simplified] exported data/data_for_test/data_demo_1000/derived/pmid_37404935.json
[module1-simplified] study=pmid:37496639
[module1-simplified] local fallback pmid:37431528: population_spans empty; intervention_spans empty
[module1-simplified] exported data/data_for_test/data_demo_1000/derived/pmid_37431528.json
[module1-simplified] study=pmid:37521294
[module1-simplified] exported data/data_for_test/data_demo_1000/derived/pmid_36776083.json
[module1-simplified] study=pmid:37520183
[module1-simplified] exported data/data_for_test/data_demo_1000/derived/pmid_37489171.json
[module1-simplified] study=pmid:36799782
[module1-simplified] local fallback pmid:38013860: population_spans empty
[module1-simplified] exported data/data_for_test/data_demo_1000/derived/pmid_38013860.json
[module1-simplified] study=pmid:37538259
[module1-simplified] exported data/data_for_test/data_demo_1000/derived/pmid_37333962.json
[module1-simplified] study=pmid:37560044
[module1-simplified] local fallback pmid:36799782: span mismatch: patients after total thyroidectomy
[module1-simplified] exported data/data_for_test/data_demo_1000/derived/pmid_36799782.json
[module1-simplified] study=pmid:37560080
[module1-simplified] exported data/data_for_test/data_demo_1000/derived/pmid_37538259.json
[module1-simplified] study=pmid:37564159
[module1-simplified] exported data/data_for_test/data_demo_1000/derived/pmid_37305403.json
[module1-simplified] study=pmid:37583434
[module1-simplified] exported data/data_for_test/data_demo_1000/derived/pmid_37560080.json
[module1-simplified] study=pmid:37588778
[module1-simplified] local fallback pmid:37560044: span mismatch: nonsurgical alternative training (AT)
[module1-simplified] exported data/data_for_test/data_demo_1000/derived/pmid_37560044.json
[module1-simplified] study=pmid:37601786
[module1-simplified] exported data/data_for_test/data_demo_1000/derived/pmid_37564159.json
[module1-simplified] study=pmid:37608826
[module1-simplified] exported data/data_for_test/data_demo_1000/derived/pmid_37588778.json
[module1-simplified] study=pmid:37608909
[module1-simplified] exported data/data_for_test/data_demo_1000/derived/pmid_37484190.json
[module1-simplified] study=pmid:37614948
[module1-simplified] exported data/data_for_test/data_demo_1000/derived/pmid_37224109.json
[module1-simplified] study=pmid:37637415
[module1-simplified] local fallback pmid:37583434: span mismatch: high preoperative blood oxaloacetate
[module1-simplified] exported data/data_for_test/data_demo_1000/derived/pmid_37583434.json
[module1-simplified] study=pmid:37616239
[module1-simplified] exported data/data_for_test/data_demo_1000/derived/pmid_37614948.json
[module1-simplified] study=pmid:37635978
[module1-simplified] exported data/data_for_test/data_demo_1000/derived/pmid_37637415.json
[module1-simplified] study=pmid:37645550
[module1-simplified] exported data/data_for_test/data_demo_1000/derived/pmid_37608826.json
[module1-simplified] study=pmid:37645557
[module1-simplified] exported data/data_for_test/data_demo_1000/derived/pmid_37608909.json
[module1-simplified] study=pmid:37650023
[module1-simplified] local fallback pmid:37645557: population_spans empty
[module1-simplified] exported data/data_for_test/data_demo_1000/derived/pmid_37645557.json
[module1-simplified] study=pmid:37671270
[module1-simplified] local fallback pmid:37635978: span mismatch: low-dose esketamine with sufentanil
[module1-simplified] exported data/data_for_test/data_demo_1000/derived/pmid_37635978.json
[module1-simplified] study=pmid:37693298
[module1-simplified] exported data/data_for_test/data_demo_1000/derived/pmid_37496639.json
[module1-simplified] study=pmid:37692958
[module1-simplified] exported data/data_for_test/data_demo_1000/derived/pmid_37250239.json
[module1-simplified] study=pmid:37694243
[module1-simplified] exported data/data_for_test/data_demo_1000/derived/pmid_37671270.json
[module1-simplified] study=pmid:37728449
[module1-simplified] exported data/data_for_test/data_demo_1000/derived/pmid_37728449.json
[module1-simplified] study=pmid:37728450
[module1-simplified] exported data/data_for_test/data_demo_1000/derived/pmid_37692958.json
[module1-simplified] study=pmid:37720809
[module1-simplified] local fallback pmid:37650023: population_spans empty; intervention_spans empty
[module1-simplified] exported data/data_for_test/data_demo_1000/derived/pmid_37650023.json
[module1-simplified] study=pmid:37727450
[module1-simplified] exported data/data_for_test/data_demo_1000/derived/pmid_37273439.json
[module1-simplified] study=pmid:37729286
[module1-simplified] exported data/data_for_test/data_demo_1000/derived/pmid_37727450.json
[module1-simplified] study=pmid:37731601
[module1-simplified] local fallback pmid:37729286: span mismatch: patients receiving rapid maxillary expansion
[module1-simplified] exported data/data_for_test/data_demo_1000/derived/pmid_37729286.json
[module1-simplified] study=pmid:37746088
[module1-simplified] local fallback pmid:37728450: population_spans empty; intervention_spans empty
[module1-simplified] exported data/data_for_test/data_demo_1000/derived/pmid_37728450.json
[module1-simplified] study=pmid:37744183
[module1-simplified] exported data/data_for_test/data_demo_1000/derived/pmid_37731601.json
[module1-simplified] study=pmid:37745708
[module1-simplified] exported data/data_for_test/data_demo_1000/derived/pmid_37720809.json
[module1-simplified] study=pmid:37767324
[module1-simplified] local fallback pmid:37744183: population_spans empty; intervention_spans empty
[module1-simplified] exported data/data_for_test/data_demo_1000/derived/pmid_37744183.json
[module1-simplified] study=pmid:37767025
[module1-simplified] exported data/data_for_test/data_demo_1000/derived/pmid_37693298.json
[module1-simplified] study=pmid:37751457
[module1-simplified] local fallback pmid:37351537: population_spans empty; intervention_spans empty
[module1-simplified] exported data/data_for_test/data_demo_1000/derived/pmid_37351537.json
[module1-simplified] study=pmid:37789968
[module1-simplified] local fallback pmid:37745708: population_spans empty; intervention_spans empty
[module1-simplified] exported data/data_for_test/data_demo_1000/derived/pmid_37745708.json
[module1-simplified] study=pmid:37790865
[module1-simplified] exported data/data_for_test/data_demo_1000/derived/pmid_37767025.json
[module1-simplified] study=pmid:37790896
[module1-simplified] exported data/data_for_test/data_demo_1000/derived/pmid_37790896.json
[module1-simplified] study=pmid:37817757
[module1-simplified] local fallback pmid:37790865: intervention_spans empty; span mismatch: a randomized clinical trial
[module1-simplified] exported data/data_for_test/data_demo_1000/derived/pmid_37790865.json
[module1-simplified] study=pmid:36704815
[module1-simplified] exported data/data_for_test/data_demo_1000/derived/pmid_37767324.json
[module1-simplified] study=pmid:36617951
[module1-simplified] local fallback pmid:37817757: population_spans empty; intervention_spans empty
[module1-simplified] exported data/data_for_test/data_demo_1000/derived/pmid_37817757.json
[module1-simplified] study=pmid:36632640
[module1-simplified] exported data/data_for_test/data_demo_1000/derived/pmid_36704815.json
[module1-simplified] study=pmid:37822824
[module1-simplified] local fallback pmid:37144143: population_spans empty
[module1-simplified] exported data/data_for_test/data_demo_1000/derived/pmid_37144143.json
[module1-simplified] study=pmid:37841816
[module1-simplified] exported data/data_for_test/data_demo_1000/derived/pmid_36617951.json
[module1-simplified] study=pmid:37822243
[module1-simplified] exported data/data_for_test/data_demo_1000/derived/pmid_37822824.json
[module1-simplified] study=pmid:37846371
[module1-simplified] exported data/data_for_test/data_demo_1000/derived/pmid_37601786.json
[module1-simplified] study=pmid:37868132
[module1-simplified] local fallback pmid:37616239: population_spans empty; intervention_spans empty
[module1-simplified] exported data/data_for_test/data_demo_1000/derived/pmid_37616239.json
[module1-simplified] study=pmid:38028717
[module1-simplified] local fallback pmid:37822243: intervention_spans empty
[module1-simplified] exported data/data_for_test/data_demo_1000/derived/pmid_37822243.json
[module1-simplified] study=pmid:37873523
[module1-simplified] exported data/data_for_test/data_demo_1000/derived/pmid_37868132.json
[module1-simplified] study=pmid:37876867
[module1-simplified] exported data/data_for_test/data_demo_1000/derived/pmid_38028717.json
[module1-simplified] study=pmid:37881234
[module1-simplified] exported data/data_for_test/data_demo_1000/derived/pmid_37521294.json
[module1-simplified] study=pmid:37901370
[module1-simplified] exported data/data_for_test/data_demo_1000/derived/pmid_37901370.json
[module1-simplified] study=pmid:37900951
[module1-simplified] exported data/data_for_test/data_demo_1000/derived/pmid_37751457.json
[module1-simplified] study=pmid:37900969
[module1-simplified] exported data/data_for_test/data_demo_1000/derived/pmid_37025954.json
[module1-simplified] study=pmid:37909532
[module1-simplified] local fallback pmid:37909532: population_spans empty; intervention_spans empty
[module1-simplified] exported data/data_for_test/data_demo_1000/derived/pmid_37909532.json
[module1-simplified] study=pmid:37928872
[module1-simplified] exported data/data_for_test/data_demo_1000/derived/pmid_37900951.json
[module1-simplified] study=pmid:37797590
[module1-simplified] local fallback pmid:37846371: population_spans empty; intervention_spans empty
[module1-simplified] exported data/data_for_test/data_demo_1000/derived/pmid_37846371.json
[module1-simplified] study=pmid:37954026
[module1-simplified] exported data/data_for_test/data_demo_1000/derived/pmid_37694243.json
[module1-simplified] study=pmid:37953884
[module1-simplified] exported data/data_for_test/data_demo_1000/derived/pmid_37954026.json
[module1-simplified] study=pmid:38026464
[module1-simplified] local fallback pmid:37953884: population_spans empty; intervention_spans empty
[module1-simplified] exported data/data_for_test/data_demo_1000/derived/pmid_37953884.json
[module1-simplified] study=pmid:37964929
[module1-simplified] exported data/data_for_test/data_demo_1000/derived/pmid_37404294.json
[module1-simplified] study=pmid:37965250
[module1-simplified] exported data/data_for_test/data_demo_1000/derived/pmid_37841816.json
[module1-simplified] study=pmid:37971133
[module1-simplified] exported data/data_for_test/data_demo_1000/derived/pmid_37964929.json
[module1-simplified] study=pmid:38025902
[module1-simplified] local fallback pmid:37928872: population_spans empty; intervention_spans empty
[module1-simplified] exported data/data_for_test/data_demo_1000/derived/pmid_37928872.json
[module1-simplified] study=pmid:38020112
[module1-simplified] exported data/data_for_test/data_demo_1000/derived/pmid_37746088.json
[module1-simplified] study=pmid:38026375
[module1-simplified] local fallback pmid:38025902: intervention_spans empty
[module1-simplified] exported data/data_for_test/data_demo_1000/derived/pmid_38025902.json
[module1-simplified] study=pmid:38023624
[module1-simplified] exported data/data_for_test/data_demo_1000/derived/pmid_38020112.json
[module1-simplified] study=pmid:38026460
[module1-simplified] exported data/data_for_test/data_demo_1000/derived/pmid_37900969.json
[module1-simplified] study=pmid:38020116
[module1-simplified] exported data/data_for_test/data_demo_1000/derived/pmid_38023624.json
[module1-simplified] study=pmid:38020175
[module1-simplified] exported data/data_for_test/data_demo_1000/derived/pmid_37876867.json
[module1-simplified] study=pmid:38026457
[module1-simplified] local fallback pmid:38020175: population_spans empty; intervention_spans empty
[module1-simplified] exported data/data_for_test/data_demo_1000/derived/pmid_38020175.json
[module1-simplified] study=pmid:38026459
[module1-simplified] exported data/data_for_test/data_demo_1000/derived/pmid_38026457.json
[module1-simplified] study=pmid:38035263
[module1-simplified] local fallback pmid:37797590: population_spans empty; intervention_spans empty
[module1-simplified] exported data/data_for_test/data_demo_1000/derived/pmid_37797590.json
[module1-simplified] study=pmid:38034542
[module1-simplified] exported data/data_for_test/data_demo_1000/derived/pmid_38020116.json
[module1-simplified] study=pmid:38045655
[module1-simplified] exported data/data_for_test/data_demo_1000/derived/pmid_38026459.json
[module1-simplified] study=pmid:38084575
[module1-simplified] exported data/data_for_test/data_demo_1000/derived/pmid_37971133.json
[module1-simplified] study=pmid:38084573
[module1-simplified] exported data/data_for_test/data_demo_1000/derived/pmid_38084575.json
[module1-simplified] study=pmid:38054181
[module1-simplified] exported data/data_for_test/data_demo_1000/derived/pmid_38035263.json
[module1-simplified] study=pmid:38058974
[module1-simplified] exported data/data_for_test/data_demo_1000/derived/pmid_38084573.json
[module1-simplified] study=pmid:38073721
[module1-simplified] exported data/data_for_test/data_demo_1000/derived/pmid_38026460.json
[module1-simplified] study=pmid:38077267
[module1-simplified] exported data/data_for_test/data_demo_1000/derived/pmid_38045655.json
[module1-simplified] study=pmid:38090497
[module1-simplified] exported data/data_for_test/data_demo_1000/derived/pmid_38054181.json
[module1-simplified] study=pmid:38090026
[module1-simplified] exported data/data_for_test/data_demo_1000/derived/pmid_38034542.json
[module1-simplified] study=pmid:38079433
[module1-simplified] exported data/data_for_test/data_demo_1000/derived/pmid_38090026.json
[module1-simplified] study=pmid:38116042
[module1-simplified] local fallback pmid:38116042: population_spans empty; intervention_spans empty
[module1-simplified] exported data/data_for_test/data_demo_1000/derived/pmid_38116042.json
[module1-simplified] study=pmid:38125207
[module1-simplified] exported data/data_for_test/data_demo_1000/derived/pmid_38058974.json
[module1-simplified] study=pmid:38124706
[module1-simplified] exported data/data_for_test/data_demo_1000/derived/pmid_38079433.json
[module1-simplified] study=pmid:38130384
[module1-simplified] exported data/data_for_test/data_demo_1000/derived/pmid_38073721.json
[module1-simplified] study=pmid:37458010
[module1-simplified] local fallback pmid:37346471: population_spans empty; intervention_spans empty
[module1-simplified] exported data/data_for_test/data_demo_1000/derived/pmid_37346471.json
[module1-simplified] study=pmid:38148969
[module1-simplified] exported data/data_for_test/data_demo_1000/derived/pmid_38077267.json
[module1-simplified] study=pmid:38169839
[module1-simplified] local fallback pmid:38130384: population_spans empty; intervention_spans empty
[module1-simplified] exported data/data_for_test/data_demo_1000/derived/pmid_38130384.json
[module1-simplified] study=pmid:38169975
[module1-simplified] exported data/data_for_test/data_demo_1000/derived/pmid_37458010.json
[module1-simplified] study=pmcid:PMC10760573
[module1-simplified] local fallback pmid:38169839: intervention_spans empty
[module1-simplified] exported data/data_for_test/data_demo_1000/derived/pmid_38169839.json
[module1-simplified] study=pmid:38154039
[module1-simplified] local fallback pmid:38148969: span mismatch: patients undergoing total knee arthroplasty; span mismatch: different local infiltration anesthesia techniques combined with femoral nerve block
[module1-simplified] exported data/data_for_test/data_demo_1000/derived/pmid_38148969.json
[module1-simplified] study=pmid:38178921
[module1-simplified] exported data/data_for_test/data_demo_1000/derived/pmid_38124706.json
[module1-simplified] study=pmid:38175807
[module1-simplified] exported data/data_for_test/data_demo_1000/derived/pmid_38154039.json
[module1-simplified] study=pmid:38213606
[module1-simplified] local fallback pmcid:PMC10760573: population_spans empty
[module1-simplified] exported data/data_for_test/data_demo_1000/derived/pmcid_PMC10760573.json
[module1-simplified] study=pmid:38213443
[module1-simplified] local fallback pmid:37520183: population_spans empty; intervention_spans empty
[module1-simplified] exported data/data_for_test/data_demo_1000/derived/pmid_37520183.json
[module1-simplified] study=pmid:38126565
[module1-simplified] local fallback pmid:38175807: population_spans empty; intervention_spans empty
[module1-simplified] exported data/data_for_test/data_demo_1000/derived/pmid_38175807.json
[module1-simplified] study=pmid:38282504
[module1-simplified] exported data/data_for_test/data_demo_1000/derived/pmid_37881234.json
[module1-simplified] study=pmid:38259833
[module1-simplified] exported data/data_for_test/data_demo_1000/derived/pmid_37965250.json
[module1-simplified] study=pmid:38259854
[module1-simplified] local fallback pmid:38169975: intervention_spans empty
[module1-simplified] exported data/data_for_test/data_demo_1000/derived/pmid_38169975.json
[module1-simplified] study=pmid:38282501
[module1-simplified] exported data/data_for_test/data_demo_1000/derived/pmid_38282504.json
[module1-simplified] study=pmid:38282500
[module1-simplified] exported data/data_for_test/data_demo_1000/derived/pmid_38213443.json
[module1-simplified] study=pmid:38282502
[module1-simplified] exported data/data_for_test/data_demo_1000/derived/pmid_37873523.json
[module1-simplified] study=pmid:38264521
[module1-simplified] exported data/data_for_test/data_demo_1000/derived/pmid_38090497.json
[module1-simplified] study=pmid:38737159
[module1-simplified] exported data/data_for_test/data_demo_1000/derived/pmid_38282500.json
[module1-simplified] study=pmcid:PMC10835105
[module1-simplified] exported data/data_for_test/data_demo_1000/derived/pmid_38264521.json
[module1-simplified] study=pmid:38343757
[module1-simplified] local fallback pmid:38282501: population_spans empty; intervention_spans empty
[module1-simplified] exported data/data_for_test/data_demo_1000/derived/pmid_38282501.json
[module1-simplified] study=pmid:38375661
[module1-simplified] local fallback pmid:38737159: population_spans empty; intervention_spans empty
[module1-simplified] exported data/data_for_test/data_demo_1000/derived/pmid_38737159.json
[module1-simplified] study=pmcid:PMC10891367
[module1-simplified] local fallback pmid:38259854: population_spans empty; intervention_spans empty
[module1-simplified] exported data/data_for_test/data_demo_1000/derived/pmid_38259854.json
[module1-simplified] study=pmid:38434667
[module1-simplified] local fallback pmid:38213606: population_spans empty
[module1-simplified] exported data/data_for_test/data_demo_1000/derived/pmid_38213606.json
[module1-simplified] study=pmcid:PMC10920800
[module1-simplified] exported data/data_for_test/data_demo_1000/derived/pmid_38126565.json
[module1-simplified] study=pmid:38529234
[module1-simplified] exported data/data_for_test/data_demo_1000/derived/pmid_38026375.json
[module1-simplified] study=pmid:38550249
[module1-simplified] exported data/data_for_test/data_demo_1000/derived/pmid_36632640.json
[module1-simplified] study=pmid:38013202
[module1-simplified] exported data/data_for_test/data_demo_1000/derived/pmid_38343757.json
[module1-simplified] study=pmcid:PMC11009550
[module1-simplified] exported data/data_for_test/data_demo_1000/derived/pmid_38529234.json
[module1-simplified] study=pmid:38736722
[module1-simplified] exported data/data_for_test/data_demo_1000/derived/pmid_38282502.json
[module1-simplified] study=pmcid:PMC11153057
[module1-simplified] local fallback pmcid:PMC11153057: population_spans empty; intervention_spans empty
[module1-simplified] exported data/data_for_test/data_demo_1000/derived/pmcid_PMC11153057.json
[module1-simplified] study=pmid:38974131
[module1-simplified] exported data/data_for_test/data_demo_1000/derived/pmid_38013202.json
[module1-simplified] study=pmcid:PMC11364968
[module1-simplified] local fallback pmid:38550249: intervention_spans empty
[module1-simplified] exported data/data_for_test/data_demo_1000/derived/pmid_38550249.json
[module1-simplified] study=pmid:39296350
[module1-simplified] local fallback pmcid:PMC10891367: population_spans empty; intervention_spans empty
[module1-simplified] exported data/data_for_test/data_demo_1000/derived/pmcid_PMC10891367.json
[module1-simplified] study=pmcid:PMC11918524
[module1-simplified] exported data/data_for_test/data_demo_1000/derived/pmid_38736722.json
[module1-simplified] study=pmcid:PMC9706517
[module1-simplified] exported data/data_for_test/data_demo_1000/derived/pmcid_PMC11364968.json
[module1-simplified] study=pmcid:PMC9807976
[module1-simplified] exported data/data_for_test/data_demo_1000/derived/pmid_37645550.json
[module1-simplified] study=pmcid:PMC9808947
[module1-simplified] local fallback pmcid:PMC9706517: intervention_spans empty
[module1-simplified] exported data/data_for_test/data_demo_1000/derived/pmcid_PMC9706517.json
[module1-simplified] study=pmcid:PMC9809104
[module1-simplified] local fallback pmid:38974131: population_spans empty
[module1-simplified] exported data/data_for_test/data_demo_1000/derived/pmid_38974131.json
[module1-simplified] study=pmcid:PMC9821299
[module1-simplified] exported data/data_for_test/data_demo_1000/derived/pmid_38375661.json
[module1-simplified] study=pmid:36607884
[module1-simplified] exported data/data_for_test/data_demo_1000/derived/pmcid_PMC9809104.json
[module1-simplified] study=pmid:36624384
[module1-simplified] exported data/data_for_test/data_demo_1000/derived/pmcid_PMC9807976.json
[module1-simplified] study=pmid:36624374
[module1-simplified] local fallback pmid:38178921: population_spans empty; intervention_spans empty
[module1-simplified] exported data/data_for_test/data_demo_1000/derived/pmid_38178921.json
[module1-simplified] study=pmid:36631801
[module1-simplified] exported data/data_for_test/data_demo_1000/derived/pmcid_PMC9821299.json
[module1-simplified] study=pmid:36633417
[module1-simplified] local fallback pmid:36633417: population_spans empty; intervention_spans empty
[module1-simplified] exported data/data_for_test/data_demo_1000/derived/pmid_36633417.json
[module1-simplified] study=pmcid:PMC9837932
[module1-simplified] local fallback pmid:36631801: population_spans empty; intervention_spans empty
[module1-simplified] exported data/data_for_test/data_demo_1000/derived/pmid_36631801.json
[module1-simplified] study=pmid:36382669
[module1-simplified] exported data/data_for_test/data_demo_1000/derived/pmid_36382669.json
[module1-simplified] study=pmid:36637954
[module1-simplified] local fallback pmcid:PMC9808947: population_spans empty; intervention_spans empty
[module1-simplified] exported data/data_for_test/data_demo_1000/derived/pmcid_PMC9808947.json
[module1-simplified] study=pmcid:PMC9839425
[module1-simplified] exported data/data_for_test/data_demo_1000/derived/pmcid_PMC9839425.json
[module1-simplified] study=pmcid:PMC9843947
[module1-simplified] exported data/data_for_test/data_demo_1000/derived/pmid_36624384.json
[module1-simplified] study=pmcid:PMC9843990
[module1-simplified] exported data/data_for_test/data_demo_1000/derived/pmcid_PMC10920800.json
[module1-simplified] study=pmid:36649306
[module1-simplified] exported data/data_for_test/data_demo_1000/derived/pmid_38434667.json
[module1-simplified] study=pmid:36650441
[module1-simplified] local fallback pmid:36649306: population_spans empty; intervention_spans empty
[module1-simplified] exported data/data_for_test/data_demo_1000/derived/pmid_36649306.json
[module1-simplified] study=pmcid:PMC9845877
[module1-simplified] local fallback pmid:36624374: population_spans empty; intervention_spans empty
[module1-simplified] exported data/data_for_test/data_demo_1000/derived/pmid_36624374.json
[module1-simplified] study=pmcid:PMC9849892
[module1-simplified] exported data/data_for_test/data_demo_1000/derived/pmid_39296350.json
[module1-simplified] study=pmcid:PMC9851777
[module1-simplified] exported data/data_for_test/data_demo_1000/derived/pmid_36607884.json
[module1-simplified] study=pmcid:PMC9852529
[module1-simplified] local fallback pmcid:PMC9843990: population_spans empty; intervention_spans empty
[module1-simplified] exported data/data_for_test/data_demo_1000/derived/pmcid_PMC9843990.json
[module1-simplified] study=pmcid:PMC9852752
[module1-simplified] local fallback pmcid:PMC9852752: span mismatch: one-level erector spinae plane block
[module1-simplified] exported data/data_for_test/data_demo_1000/derived/pmcid_PMC9852752.json
[module1-simplified] study=pmcid:PMC9852760
[module1-simplified] exported data/data_for_test/data_demo_1000/derived/pmcid_PMC9851777.json
[module1-simplified] study=pmcid:PMC9854051
[module1-simplified] local fallback pmcid:PMC9845877: population_spans empty; intervention_spans empty
[module1-simplified] exported data/data_for_test/data_demo_1000/derived/pmcid_PMC9845877.json
[module1-simplified] study=pmcid:PMC9854388
[module1-simplified] exported data/data_for_test/data_demo_1000/derived/pmid_36650441.json
[module1-simplified] study=pmcid:PMC9857169
[module1-simplified] exported data/data_for_test/data_demo_1000/derived/pmcid_PMC9854051.json
[module1-simplified] study=pmcid:PMC9859706
[module1-simplified] local fallback pmcid:PMC9859706: span mismatch: patients after Laparoscopic Cholecystectomy
[module1-simplified] exported data/data_for_test/data_demo_1000/derived/pmcid_PMC9859706.json
[module1-simplified] study=pmid:36678227
[module1-simplified] exported data/data_for_test/data_demo_1000/derived/pmid_36637954.json
[module1-simplified] study=pmid:36676080
[module1-simplified] exported data/data_for_test/data_demo_1000/derived/pmcid_PMC9843947.json
[module1-simplified] study=pmcid:PMC9868662
[module1-simplified] exported data/data_for_test/data_demo_1000/derived/pmid_38125207.json
[module1-simplified] study=pmcid:PMC9869230
[module1-simplified] exported data/data_for_test/data_demo_1000/derived/pmcid_PMC9854388.json
[module1-simplified] study=pmcid:PMC9869677
[module1-simplified] exported data/data_for_test/data_demo_1000/derived/pmid_36676080.json
[module1-simplified] study=pmcid:PMC9874284
[module1-simplified] local fallback pmcid:PMC9869677: population_spans empty; intervention_spans empty
[module1-simplified] exported data/data_for_test/data_demo_1000/derived/pmcid_PMC9869677.json
[module1-simplified] study=pmcid:PMC9878794
[module1-simplified] exported data/data_for_test/data_demo_1000/derived/pmcid_PMC9849892.json
[module1-simplified] study=pmcid:PMC9880012
[module1-simplified] local fallback pmcid:PMC9880012: population_spans empty; intervention_spans empty
[module1-simplified] exported data/data_for_test/data_demo_1000/derived/pmcid_PMC9880012.json
[module1-simplified] study=pmid:36633893
[module1-simplified] exported data/data_for_test/data_demo_1000/derived/pmcid_PMC9868662.json
[module1-simplified] study=pmcid:PMC9884000
[module1-simplified] exported data/data_for_test/data_demo_1000/derived/pmcid_PMC9869230.json
[module1-simplified] study=pmcid:PMC9885533
[module1-simplified] local fallback pmcid:PMC9885533: population_spans empty
[module1-simplified] exported data/data_for_test/data_demo_1000/derived/pmcid_PMC9885533.json
[module1-simplified] study=pmcid:PMC9887110
[module1-simplified] exported data/data_for_test/data_demo_1000/derived/pmcid_PMC9874284.json
[module1-simplified] study=pmcid:PMC9887773
[module1-simplified] local fallback pmcid:PMC9878794: span mismatch: women during spinal anesthesia for cesarean delivery
[module1-simplified] exported data/data_for_test/data_demo_1000/derived/pmcid_PMC9878794.json
[module1-simplified] study=pmid:36703508
[module1-simplified] local fallback pmid:37789968: population_spans empty; intervention_spans empty
[module1-simplified] exported data/data_for_test/data_demo_1000/derived/pmid_37789968.json
[module1-simplified] study=pmcid:PMC9892605
[module1-simplified] exported data/data_for_test/data_demo_1000/derived/pmcid_PMC9884000.json
[module1-simplified] study=pmid:36709694
[module1-simplified] exported data/data_for_test/data_demo_1000/derived/pmcid_PMC9887773.json
[module1-simplified] study=pmcid:PMC9900129
[module1-simplified] exported data/data_for_test/data_demo_1000/derived/pmcid_PMC9887110.json
[module1-simplified] study=pmcid:PMC9904750
[module1-simplified] local fallback pmcid:PMC9892605: population_spans empty; intervention_spans empty
[module1-simplified] exported data/data_for_test/data_demo_1000/derived/pmcid_PMC9892605.json
[module1-simplified] study=pmcid:PMC9905139
[module1-simplified] exported data/data_for_test/data_demo_1000/derived/pmid_36709694.json
[module1-simplified] study=pmcid:PMC9905252
[module1-simplified] exported data/data_for_test/data_demo_1000/derived/pmid_36703508.json
[module1-simplified] study=pmcid:PMC9913948
[module1-simplified] exported data/data_for_test/data_demo_1000/derived/pmid_36678227.json
[module1-simplified] study=pmcid:PMC9914835
[module1-simplified] exported data/data_for_test/data_demo_1000/derived/pmid_36633893.json
[module1-simplified] study=pmcid:PMC9915350
[module1-simplified] exported data/data_for_test/data_demo_1000/derived/pmcid_PMC9904750.json
[module1-simplified] study=pmid:36913346
[module1-simplified] exported data/data_for_test/data_demo_1000/derived/pmcid_PMC9900129.json
[module1-simplified] study=pmid:36937688
[module1-simplified] exported data/data_for_test/data_demo_1000/derived/pmcid_PMC9857169.json
[module1-simplified] study=pmid:36935954
[module1-simplified] exported data/data_for_test/data_demo_1000/derived/pmcid_PMC9905139.json
[module1-simplified] study=pmid:36960452
[module1-simplified] exported data/data_for_test/data_demo_1000/derived/pmcid_PMC9913948.json
[module1-simplified] study=pmid:36695951
[module1-simplified] exported data/data_for_test/data_demo_1000/derived/pmid_36937688.json
[module1-simplified] study=pmid:36968500
[module1-simplified] exported data/data_for_test/data_demo_1000/derived/pmid_36935954.json
[module1-simplified] study=pmid:36994175
[module1-simplified] exported data/data_for_test/data_demo_1000/derived/pmid_36913346.json
[module1-simplified] study=pmid:36993887
[module1-simplified] exported data/data_for_test/data_demo_1000/derived/pmcid_PMC9915350.json
[module1-simplified] study=pmid:37025615
[module1-simplified] exported data/data_for_test/data_demo_1000/derived/pmid_36994175.json
[module1-simplified] study=pmid:37035659
[module1-simplified] exported data/data_for_test/data_demo_1000/derived/pmcid_PMC9905252.json
[module1-simplified] study=pmid:36353918
[module1-simplified] exported data/data_for_test/data_demo_1000/derived/pmcid_PMC9914835.json
[module1-simplified] study=pmid:37038500
[module1-simplified] exported data/data_for_test/data_demo_1000/derived/pmid_37025615.json
[module1-simplified] study=pmid:36426763
[module1-simplified] exported data/data_for_test/data_demo_1000/derived/pmid_36426763.json
[module1-simplified] study=pmid:36502286
[module1-simplified] exported data/data_for_test/data_demo_1000/derived/pmid_36960452.json
[module1-simplified] study=pmid:37082189
[module1-simplified] exported data/data_for_test/data_demo_1000/derived/pmid_37038500.json
[module1-simplified] study=pmid:37351199
[module1-simplified] exported data/data_for_test/data_demo_1000/derived/pmid_36353918.json
[module1-simplified] study=pmid:37113209
[module1-simplified] local fallback pmid:36993887: span mismatch: Attention Training Technique as used in metacognitive therapy
[module1-simplified] exported data/data_for_test/data_demo_1000/derived/pmid_36993887.json
[module1-simplified] study=pmid:37139315
[module1-simplified] local fallback pmid:36502286: population_spans empty; intervention_spans empty
[module1-simplified] exported data/data_for_test/data_demo_1000/derived/pmid_36502286.json
[module1-simplified] study=pmid:37181485
[module1-simplified] local fallback pmid:37181485: population_spans empty
[module1-simplified] exported data/data_for_test/data_demo_1000/derived/pmid_37181485.json
[module1-simplified] study=pmid:36625844
[module1-simplified] exported data/data_for_test/data_demo_1000/derived/pmid_37113209.json
[module1-simplified] study=pmid:37193576
[module1-simplified] exported data/data_for_test/data_demo_1000/derived/pmid_37351199.json
[module1-simplified] study=pmid:37250399
[module1-simplified] local fallback pmid:36625844: intervention_spans empty
[module1-simplified] exported data/data_for_test/data_demo_1000/derived/pmid_36625844.json
[module1-simplified] study=pmid:37265842
[module1-simplified] local fallback pmid:37193576: span mismatch: Health Provider's Feedback on Physical Activity Surveillance Using Wearable Device-Smartphone Application
[module1-simplified] exported data/data_for_test/data_demo_1000/derived/pmid_37193576.json
[module1-simplified] study=pmid:37265560
[module1-simplified] exported data/data_for_test/data_demo_1000/derived/pmid_38026464.json
[module1-simplified] study=pmid:37313274
[module1-simplified] exported data/data_for_test/data_demo_1000/derived/pmid_37035659.json
[module1-simplified] study=pmid:37323154
[module1-simplified] exported data/data_for_test/data_demo_1000/derived/pmid_37265842.json
[module1-simplified] study=pmid:36470216
[module1-simplified] local fallback pmid:37323154: population_spans empty
[module1-simplified] exported data/data_for_test/data_demo_1000/derived/pmid_37323154.json
[module1-simplified] study=pmid:37346892
[module1-simplified] exported data/data_for_test/data_demo_1000/derived/pmid_36470216.json
[module1-simplified] study=pmid:37335037
[module1-simplified] exported data/data_for_test/data_demo_1000/derived/pmid_37313274.json
[module1-simplified] study=pmid:37360303
